[36m--[0m Using CATKIN_DEVEL_PREFIX: /workspace/TrackingWithRegistration/devel/.private/tracking_with_registration
[36m--[0m Using CMAKE_PREFIX_PATH: /workspace/TrackingWithRegistration/devel;/opt/ros/kinetic
[36m--[0m This workspace overlays: /workspace/TrackingWithRegistration/devel;/opt/ros/kinetic
[36m--[0m Using PYTHON_EXECUTABLE: /usr/bin/python
[36m--[0m Using Debian Python package layout
[36m--[0m Using empy: /usr/bin/empy
[36m--[0m Using CATKIN_ENABLE_TESTING: ON
[36m--[0m Call enable_testing()
[36m--[0m Using CATKIN_TEST_RESULTS_DIR: /workspace/TrackingWithRegistration/build/tracking_with_registration/test_results
[36m--[0m Found gmock sources under '/usr/src/gmock': gmock will be built
[36m--[0m Found gtest sources under '/usr/src/gmock': gtests will be built
[36m--[0m Using Python nosetests: /usr/bin/nosetests-2.7
[36m--[0m catkin 0.7.18
[36m--[0m BUILD_SHARED_LIBS is on
[36m--[0m Using these message generators: gencpp;geneus;genlisp;gennodejs;genpy
[31m[1mCMake Error[0m at /workspace/TrackingWithRegistration/src/tracking_with_registration/CMakeLists.txt:141 (target_link_libraries):
  Cannot specify link libraries for target "ukf_highway" which is not built
  by this project.


[36m--[0m Configuring incomplete, errors occurred!
See also "/workspace/TrackingWithRegistration/build/tracking_with_registration/CMakeFiles/CMakeOutput.log".
See also "/workspace/TrackingWithRegistration/build/tracking_with_registration/CMakeFiles/CMakeError.log".
Makefile:1468: recipe for target 'cmake_check_build_system' failed
make: *** [cmake_check_build_system] Error 1
