In file included from [01m[K/workspace/TrackingWithRegistration/src/tracking_with_registration/src/measurement.cpp:8:0[m[K:
[01m[K/workspace/TrackingWithRegistration/src/tracking_with_registration/src/highway.h:[m[K In constructor ‘[01m[KHighway::Highway(pcl::visualization::PCLVisualizer::Ptr&)[m[K’:
[01m[K/workspace/TrackingWithRegistration/src/tracking_with_registration/src/highway.h:116:25:[m[K [01;31m[Kerror: [m[Kno matching function for call to ‘[01m[Kstd::__cxx11::basic_string<char>::basic_string(unsigned int&)[m[K’
    string num = (string)trafficIndex;
[01;32m[K                         ^[m[K
In file included from [01m[K/usr/include/c++/5/string:52:0[m[K,
                 from [01m[K/opt/ros/kinetic/include/ros/platform.h:55[m[K,
                 from [01m[K/opt/ros/kinetic/include/ros/time.h:53[m[K,
                 from [01m[K/opt/ros/kinetic/include/ros/ros.h:38[m[K,
                 from [01m[K/workspace/TrackingWithRegistration/src/tracking_with_registration/src/measurement.cpp:6[m[K:
[01m[K/usr/include/c++/5/bits/basic_string.h:534:9:[m[K [01;36m[Knote: [m[Kcandidate: template<class _InputIterator, class> std::__cxx11::basic_string<_CharT, _Traits, _Alloc>::basic_string(_InputIterator, _InputIterator, const _Alloc&)
         basic_string(_InputIterator __beg, _InputIterator __end,
[01;32m[K         ^[m[K
[01m[K/usr/include/c++/5/bits/basic_string.h:534:9:[m[K [01;36m[Knote: [m[K  template argument deduction/substitution failed:
In file included from [01m[K/workspace/TrackingWithRegistration/src/tracking_with_registration/src/measurement.cpp:8:0[m[K:
[01m[K/workspace/TrackingWithRegistration/src/tracking_with_registration/src/highway.h:116:25:[m[K [01;36m[Knote: [m[K  candidate expects 3 arguments, 1 provided
    string num = (string)trafficIndex;
[01;32m[K                         ^[m[K
In file included from [01m[K/usr/include/c++/5/string:52:0[m[K,
                 from [01m[K/opt/ros/kinetic/include/ros/platform.h:55[m[K,
                 from [01m[K/opt/ros/kinetic/include/ros/time.h:53[m[K,
                 from [01m[K/opt/ros/kinetic/include/ros/ros.h:38[m[K,
                 from [01m[K/workspace/TrackingWithRegistration/src/tracking_with_registration/src/measurement.cpp:6[m[K:
[01m[K/usr/include/c++/5/bits/basic_string.h:511:7:[m[K [01;36m[Knote: [m[Kcandidate: std::__cxx11::basic_string<_CharT, _Traits, _Alloc>::basic_string(std::__cxx11::basic_string<_CharT, _Traits, _Alloc>&&, const _Alloc&) [with _CharT = char; _Traits = std::char_traits<char>; _Alloc = std::allocator<char>]
       basic_string(basic_string&& __str, const _Alloc& __a)
[01;32m[K       ^[m[K
[01m[K/usr/include/c++/5/bits/basic_string.h:511:7:[m[K [01;36m[Knote: [m[K  candidate expects 2 arguments, 1 provided
[01m[K/usr/include/c++/5/bits/basic_string.h:507:7:[m[K [01;36m[Knote: [m[Kcandidate: std::__cxx11::basic_string<_CharT, _Traits, _Alloc>::basic_string(const std::__cxx11::basic_string<_CharT, _Traits, _Alloc>&, const _Alloc&) [with _CharT = char; _Traits = std::char_traits<char>; _Alloc = std::allocator<char>]
       basic_string(const basic_string& __str, const _Alloc& __a)
[01;32m[K       ^[m[K
[01m[K/usr/include/c++/5/bits/basic_string.h:507:7:[m[K [01;36m[Knote: [m[K  candidate expects 2 arguments, 1 provided
[01m[K/usr/include/c++/5/bits/basic_string.h:503:7:[m[K [01;36m[Knote: [m[Kcandidate: std::__cxx11::basic_string<_CharT, _Traits, _Alloc>::basic_string(std::initializer_list<_Tp>, const _Alloc&) [with _CharT = char; _Traits = std::char_traits<char>; _Alloc = std::allocator<char>]
       basic_string(initializer_list<_CharT> __l, const _Alloc& __a = _Alloc())
[01;32m[K       ^[m[K
[01m[K/usr/include/c++/5/bits/basic_string.h:503:7:[m[K [01;36m[Knote: [m[K  no known conversion for argument 1 from ‘[01m[Kunsigned int[m[K’ to ‘[01m[Kstd::initializer_list<char>[m[K’
[01m[K/usr/include/c++/5/bits/basic_string.h:476:7:[m[K [01;36m[Knote: [m[Kcandidate: std::__cxx11::basic_string<_CharT, _Traits, _Alloc>::basic_string(std::__cxx11::basic_string<_CharT, _Traits, _Alloc>&&) [with _CharT = char; _Traits = std::char_traits<char>; _Alloc = std::allocator<char>]
       basic_string(basic_string&& __str) noexcept
[01;32m[K       ^[m[K
[01m[K/usr/include/c++/5/bits/basic_string.h:476:7:[m[K [01;36m[Knote: [m[K  no known conversion for argument 1 from ‘[01m[Kunsigned int[m[K’ to ‘[01m[Kstd::__cxx11::basic_string<char>&&[m[K’
[01m[K/usr/include/c++/5/bits/basic_string.h:464:7:[m[K [01;36m[Knote: [m[Kcandidate: std::__cxx11::basic_string<_CharT, _Traits, _Alloc>::basic_string(std::__cxx11::basic_string<_CharT, _Traits, _Alloc>::size_type, _CharT, const _Alloc&) [with _CharT = char; _Traits = std::char_traits<char>; _Alloc = std::allocator<char>; std::__cxx11::basic_string<_CharT, _Traits, _Alloc>::size_type = long unsigned int]
       basic_string(size_type __n, _CharT __c, const _Alloc& __a = _Alloc())
[01;32m[K       ^[m[K
[01m[K/usr/include/c++/5/bits/basic_string.h:464:7:[m[K [01;36m[Knote: [m[K  candidate expects 3 arguments, 1 provided
[01m[K/usr/include/c++/5/bits/basic_string.h:454:7:[m[K [01;36m[Knote: [m[Kcandidate: std::__cxx11::basic_string<_CharT, _Traits, _Alloc>::basic_string(const _CharT*, const _Alloc&) [with _CharT = char; _Traits = std::char_traits<char>; _Alloc = std::allocator<char>] <near match>
       basic_string(const _CharT* __s, const _Alloc& __a = _Alloc())
[01;32m[K       ^[m[K
[01m[K/usr/include/c++/5/bits/basic_string.h:454:7:[m[K [01;36m[Knote: [m[K  conversion of argument 1 would be ill-formed:
In file included from [01m[K/workspace/TrackingWithRegistration/src/tracking_with_registration/src/measurement.cpp:8:0[m[K:
[01m[K/workspace/TrackingWithRegistration/src/tracking_with_registration/src/highway.h:116:25:[m[K [01;31m[Kerror: [m[Kinvalid conversion from ‘[01m[Kunsigned int[m[K’ to ‘[01m[Kconst char*[m[K’ [-fpermissive]
    string num = (string)trafficIndex;
[01;32m[K                         ^[m[K
In file included from [01m[K/usr/include/c++/5/string:52:0[m[K,
                 from [01m[K/opt/ros/kinetic/include/ros/platform.h:55[m[K,
                 from [01m[K/opt/ros/kinetic/include/ros/time.h:53[m[K,
                 from [01m[K/opt/ros/kinetic/include/ros/ros.h:38[m[K,
                 from [01m[K/workspace/TrackingWithRegistration/src/tracking_with_registration/src/measurement.cpp:6[m[K:
[01m[K/usr/include/c++/5/bits/basic_string.h:444:7:[m[K [01;36m[Knote: [m[Kcandidate: std::__cxx11::basic_string<_CharT, _Traits, _Alloc>::basic_string(const _CharT*, std::__cxx11::basic_string<_CharT, _Traits, _Alloc>::size_type, const _Alloc&) [with _CharT = char; _Traits = std::char_traits<char>; _Alloc = std::allocator<char>; std::__cxx11::basic_string<_CharT, _Traits, _Alloc>::size_type = long unsigned int]
       basic_string(const _CharT* __s, size_type __n,
[01;32m[K       ^[m[K
[01m[K/usr/include/c++/5/bits/basic_string.h:444:7:[m[K [01;36m[Knote: [m[K  candidate expects 3 arguments, 1 provided
[01m[K/usr/include/c++/5/bits/basic_string.h:426:7:[m[K [01;36m[Knote: [m[Kcandidate: std::__cxx11::basic_string<_CharT, _Traits, _Alloc>::basic_string(const std::__cxx11::basic_string<_CharT, _Traits, _Alloc>&, std::__cxx11::basic_string<_CharT, _Traits, _Alloc>::size_type, std::__cxx11::basic_string<_CharT, _Traits, _Alloc>::size_type, const _Alloc&) [with _CharT = char; _Traits = std::char_traits<char>; _Alloc = std::allocator<char>; std::__cxx11::basic_string<_CharT, _Traits, _Alloc>::size_type = long unsigned int]
       basic_string(const basic_string& __str, size_type __pos,
[01;32m[K       ^[m[K
[01m[K/usr/include/c++/5/bits/basic_string.h:426:7:[m[K [01;36m[Knote: [m[K  candidate expects 4 arguments, 1 provided
[01m[K/usr/include/c++/5/bits/basic_string.h:410:7:[m[K [01;36m[Knote: [m[Kcandidate: std::__cxx11::basic_string<_CharT, _Traits, _Alloc>::basic_string(const std::__cxx11::basic_string<_CharT, _Traits, _Alloc>&, std::__cxx11::basic_string<_CharT, _Traits, _Alloc>::size_type, std::__cxx11::basic_string<_CharT, _Traits, _Alloc>::size_type) [with _CharT = char; _Traits = std::char_traits<char>; _Alloc = std::allocator<char>; std::__cxx11::basic_string<_CharT, _Traits, _Alloc>::size_type = long unsigned int]
       basic_string(const basic_string& __str, size_type __pos,
[01;32m[K       ^[m[K
[01m[K/usr/include/c++/5/bits/basic_string.h:410:7:[m[K [01;36m[Knote: [m[K  candidate expects 3 arguments, 1 provided
[01m[K/usr/include/c++/5/bits/basic_string.h:398:7:[m[K [01;36m[Knote: [m[Kcandidate: std::__cxx11::basic_string<_CharT, _Traits, _Alloc>::basic_string(const std::__cxx11::basic_string<_CharT, _Traits, _Alloc>&) [with _CharT = char; _Traits = std::char_traits<char>; _Alloc = std::allocator<char>]
       basic_string(const basic_string& __str)
[01;32m[K       ^[m[K
[01m[K/usr/include/c++/5/bits/basic_string.h:398:7:[m[K [01;36m[Knote: [m[K  no known conversion for argument 1 from ‘[01m[Kunsigned int[m[K’ to ‘[01m[Kconst std::__cxx11::basic_string<char>&[m[K’
[01m[K/usr/include/c++/5/bits/basic_string.h:390:7:[m[K [01;36m[Knote: [m[Kcandidate: std::__cxx11::basic_string<_CharT, _Traits, _Alloc>::basic_string(const _Alloc&) [with _CharT = char; _Traits = std::char_traits<char>; _Alloc = std::allocator<char>]
       basic_string(const _Alloc& __a)
[01;32m[K       ^[m[K
[01m[K/usr/include/c++/5/bits/basic_string.h:390:7:[m[K [01;36m[Knote: [m[K  no known conversion for argument 1 from ‘[01m[Kunsigned int[m[K’ to ‘[01m[Kconst std::allocator<char>&[m[K’
[01m[K/usr/include/c++/5/bits/basic_string.h:379:7:[m[K [01;36m[Knote: [m[Kcandidate: std::__cxx11::basic_string<_CharT, _Traits, _Alloc>::basic_string() [with _CharT = char; _Traits = std::char_traits<char>; _Alloc = std::allocator<char>]
       basic_string()
[01;32m[K       ^[m[K
[01m[K/usr/include/c++/5/bits/basic_string.h:379:7:[m[K [01;36m[Knote: [m[K  candidate expects 0 arguments, 1 provided
make[2]: *** [CMakeFiles/tracking_with_registration.dir/src/measurement.cpp.o] Error 1
make[1]: *** [CMakeFiles/tracking_with_registration.dir/all] Error 2
make: *** [all] Error 2
