[35m[1mScanning dependencies of target tracking_with_registration[0m
[ 20%] [32mBuilding CXX object CMakeFiles/tracking_with_registration.dir/src/measurement.cpp.o[0m
In file included from [01m[K/workspace/TrackingWithRegistration/src/tracking_with_registration/src/measurement.cpp:18:0[m[K:
[01m[K/workspace/TrackingWithRegistration/src/tracking_with_registration/src/highway.h:226:7:[m[K [01;31m[Kerror: [m[K‘[01m[KTracker[m[K’ has not been declared
  void Tracker::dbscan(const PointCloudXYZI::ConstPtr& pInputCloud, std::vector<pcl::PointIndices>& vecClusterIndices)
[01;32m[K       ^[m[K
[01m[K/workspace/TrackingWithRegistration/src/tracking_with_registration/src/highway.h:226:29:[m[K [01;31m[Kerror: [m[K‘[01m[KPointCloudXYZI[m[K’ does not name a type
  void Tracker::dbscan(const PointCloudXYZI::ConstPtr& pInputCloud, std::vector<pcl::PointIndices>& vecClusterIndices)
[01;32m[K                             ^[m[K
[01m[K/workspace/TrackingWithRegistration/src/tracking_with_registration/src/highway.h:226:53:[m[K [01;31m[Kerror: [m[Kexpected unqualified-id before ‘[01m[K&[m[K’ token
  void Tracker::dbscan(const PointCloudXYZI::ConstPtr& pInputCloud, std::vector<pcl::PointIndices>& vecClusterIndices)
[01;32m[K                                                     ^[m[K
[01m[K/workspace/TrackingWithRegistration/src/tracking_with_registration/src/highway.h:226:53:[m[K [01;31m[Kerror: [m[Kexpected ‘[01m[K)[m[K’ before ‘[01m[K&[m[K’ token
[01m[K/workspace/TrackingWithRegistration/src/tracking_with_registration/src/highway.h:226:53:[m[K [01;31m[Kerror: [m[Kexpected ‘[01m[K;[m[K’ at end of member declaration
[01m[K/workspace/TrackingWithRegistration/src/tracking_with_registration/src/highway.h:226:55:[m[K [01;31m[Kerror: [m[K‘[01m[KpInputCloud[m[K’ does not name a type
  void Tracker::dbscan(const PointCloudXYZI::ConstPtr& pInputCloud, std::vector<pcl::PointIndices>& vecClusterIndices)
[01;32m[K                                                       ^[m[K
CMakeFiles/tracking_with_registration.dir/build.make:62: recipe for target 'CMakeFiles/tracking_with_registration.dir/src/measurement.cpp.o' failed
make[2]: *** [CMakeFiles/tracking_with_registration.dir/src/measurement.cpp.o] Error 1
CMakeFiles/Makefile2:163: recipe for target 'CMakeFiles/tracking_with_registration.dir/all' failed
make[1]: *** [CMakeFiles/tracking_with_registration.dir/all] Error 2
Makefile:138: recipe for target 'all' failed
make: *** [all] Error 2
