[35m[1mScanning dependencies of target tracking_with_registration[0m
[ 10%] [32mBuilding CXX object CMakeFiles/tracking_with_registration.dir/src/extractMeasurement.cpp.o[0m
[01m[K/workspace/TrackingWithRegistration/src/tracking_with_registration/src/extractMeasurement.cpp:431:6:[m[K [01;31m[Kerror: [m[Kprototype for ‘[01m[Kvoid ExtractMeasurement::point2pointICPwithAccumulation2(const Ptr&, pcl::PointCloud<pcl::PointXYZRGB>::Ptr&, bool)[m[K’ does not match any in class ‘[01m[KExtractMeasurement[m[K’
 void ExtractMeasurement::point2pointICPwithAccumulation2 (const pcl::PointCloud<pcl::PointXYZRGB>::Ptr& pInputSourceCloud, pcl::PointCloud<pcl::PointXYZRGB>::Ptr& pInputTargetCloud, bool bIsFirst)
[01;32m[K      ^[m[K
In file included from [01m[K/workspace/TrackingWithRegistration/src/tracking_with_registration/src/extractMeasurement.cpp:1:0[m[K:
[01m[K/workspace/TrackingWithRegistration/src/tracking_with_registration/src/extractMeasurement.h:163:8:[m[K [01;31m[Kerror: [m[Kcandidate is: void ExtractMeasurement::point2pointICPwithAccumulation2(pcl::PointCloud<pcl::PointXYZRGB>::Ptr&, pcl::PointCloud<pcl::PointXYZRGB>::Ptr&, bool)
   void point2pointICPwithAccumulation2 (pcl::PointCloud<pcl::PointXYZRGB>::Ptr& pInputSourceCloud, pcl::PointCloud<pcl::PointXYZRGB>::Ptr& pInputTargetCloud, bool bIsFirst);
[01;32m[K        ^[m[K
[01m[K/workspace/TrackingWithRegistration/src/tracking_with_registration/src/extractMeasurement.cpp:[m[K In member function ‘[01m[Kvoid ExtractMeasurement::layed_based_ICP(pcl::PointCloud<pcl::PointXYZRGB>::Ptr&, const Ptr&, bool&)[m[K’:
[01m[K/workspace/TrackingWithRegistration/src/tracking_with_registration/src/extractMeasurement.cpp:732:96:[m[K [01;31m[Kerror: [m[Kbinding ‘[01m[Kconst boost::shared_ptr<pcl::PointCloud<pcl::PointXYZRGB> >[m[K’ to reference of type ‘[01m[Kpcl::PointCloud<pcl::PointXYZRGB>::Ptr& {aka boost::shared_ptr<pcl::PointCloud<pcl::PointXYZRGB> >&}[m[K’ discards qualifiers
   point2pointICPwithAccumulation2 (pLayerCloud, vecPtrTargetLayerBasedCloud[uiLayerN], bIsFirst);
[01;32m[K                                                                                                ^[m[K
In file included from [01m[K/workspace/TrackingWithRegistration/src/tracking_with_registration/src/extractMeasurement.cpp:1:0[m[K:
[01m[K/workspace/TrackingWithRegistration/src/tracking_with_registration/src/extractMeasurement.h:163:8:[m[K [01;36m[Knote: [m[K  initializing argument 1 of ‘[01m[Kvoid ExtractMeasurement::point2pointICPwithAccumulation2(pcl::PointCloud<pcl::PointXYZRGB>::Ptr&, pcl::PointCloud<pcl::PointXYZRGB>::Ptr&, bool)[m[K’
   void point2pointICPwithAccumulation2 (pcl::PointCloud<pcl::PointXYZRGB>::Ptr& pInputSourceCloud, pcl::PointCloud<pcl::PointXYZRGB>::Ptr& pInputTargetCloud, bool bIsFirst);
[01;32m[K        ^[m[K
[01m[K/workspace/TrackingWithRegistration/src/tracking_with_registration/src/extractMeasurement.cpp:733:27:[m[K [01;31m[Kerror: [m[Kno match for ‘[01m[Koperator+=[m[K’ (operand types are ‘[01m[Kpcl::PointCloud<pcl::PointXYZRGB>[m[K’ and ‘[01m[Kconst boost::shared_ptr<pcl::PointCloud<pcl::PointXYZRGB> >[m[K’)
   *pAccumulatedLayerCloud += pLayerCloud;
[01;32m[K                           ^[m[K
In file included from [01m[K/opt/ros/kinetic/include/pcl_ros/point_cloud.h:5:0[m[K,
                 from [01m[K/workspace/TrackingWithRegistration/src/tracking_with_registration/src/extractMeasurement.h:5[m[K,
                 from [01m[K/workspace/TrackingWithRegistration/src/tracking_with_registration/src/extractMeasurement.cpp:1[m[K:
[01m[K/usr/include/pcl-1.7/pcl/point_cloud.h:247:7:[m[K [01;36m[Knote: [m[Kcandidate: pcl::PointCloud<PointT>& pcl::PointCloud<PointT>::operator+=(const pcl::PointCloud<PointT>&) [with PointT = pcl::PointXYZRGB]
       operator += (const PointCloud& rhs)
[01;32m[K       ^[m[K
[01m[K/usr/include/pcl-1.7/pcl/point_cloud.h:247:7:[m[K [01;36m[Knote: [m[K  no known conversion for argument 1 from ‘[01m[Kconst boost::shared_ptr<pcl::PointCloud<pcl::PointXYZRGB> >[m[K’ to ‘[01m[Kconst pcl::PointCloud<pcl::PointXYZRGB>&[m[K’
CMakeFiles/tracking_with_registration.dir/build.make:158: recipe for target 'CMakeFiles/tracking_with_registration.dir/src/extractMeasurement.cpp.o' failed
make[2]: *** [CMakeFiles/tracking_with_registration.dir/src/extractMeasurement.cpp.o] Error 1
CMakeFiles/Makefile2:163: recipe for target 'CMakeFiles/tracking_with_registration.dir/all' failed
make[1]: *** [CMakeFiles/tracking_with_registration.dir/all] Error 2
Makefile:138: recipe for target 'all' failed
make: *** [all] Error 2
