[01m[K/workspace/TrackingWithRegistration/src/tracking_with_registration/src/extractMeasurement.cpp:[m[K In member function ‘[01m[Kvoid ExtractMeasurement::point2pointICP(long long int)[m[K’:
[01m[K/workspace/TrackingWithRegistration/src/tracking_with_registration/src/extractMeasurement.cpp:274:80:[m[K [01;31m[Kerror: [m[Kinvalid initialization of non-const reference of type ‘[01m[Kpcl::PointCloud<pcl::PointXYZRGB>::Ptr& {aka boost::shared_ptr<pcl::PointCloud<pcl::PointXYZRGB> >&}[m[K’ from an rvalue of type ‘[01m[Kpcl::PointCloud<pcl::PointXYZRGB>::Ptr {aka boost::shared_ptr<pcl::PointCloud<pcl::PointXYZRGB> >}[m[K’
    downsample (pTmpPointCloud, m_vecVehicleAccumulatedCloud[vehicleN]->GetCloud(), 0.1);
[01;32m[K                                                                                ^[m[K
[01m[K/workspace/TrackingWithRegistration/src/tracking_with_registration/src/extractMeasurement.cpp:60:6:[m[K [01;36m[Knote: [m[K  initializing argument 2 of ‘[01m[Kvoid ExtractMeasurement::downsample(const Ptr&, pcl::PointCloud<pcl::PointXYZRGB>::Ptr&, float)[m[K’
 void ExtractMeasurement::downsample (const pcl::PointCloud<pcl::PointXYZRGB>::Ptr& pInputCloud, pcl::PointCloud<pcl::PointXYZRGB>::Ptr& pDownsampledCloud, float f_paramLeafSize_m)
[01;32m[K      ^[m[K
[01m[K/workspace/TrackingWithRegistration/src/tracking_with_registration/src/extractMeasurement.cpp:[m[K In member function ‘[01m[Kvoid ExtractMeasurement::publish()[m[K’:
[01m[K/workspace/TrackingWithRegistration/src/tracking_with_registration/src/extractMeasurement.cpp:398:23:[m[K [01;31m[Kerror: [m[Kno match for ‘[01m[Koperator+=[m[K’ (operand types are ‘[01m[Kpcl::PointCloud<pcl::PointXYZRGB>[m[K’ and ‘[01m[KCluster[m[K’)
   *pAccumulationCloud += *pVehicleTrackingCloud;
[01;32m[K                       ^[m[K
In file included from [01m[K/opt/ros/kinetic/include/pcl_ros/point_cloud.h:5:0[m[K,
                 from [01m[K/workspace/TrackingWithRegistration/src/tracking_with_registration/src/extractMeasurement.h:5[m[K,
                 from [01m[K/workspace/TrackingWithRegistration/src/tracking_with_registration/src/extractMeasurement.cpp:1[m[K:
[01m[K/usr/include/pcl-1.7/pcl/point_cloud.h:247:7:[m[K [01;36m[Knote: [m[Kcandidate: pcl::PointCloud<PointT>& pcl::PointCloud<PointT>::operator+=(const pcl::PointCloud<PointT>&) [with PointT = pcl::PointXYZRGB]
       operator += (const PointCloud& rhs)
[01;32m[K       ^[m[K
[01m[K/usr/include/pcl-1.7/pcl/point_cloud.h:247:7:[m[K [01;36m[Knote: [m[K  no known conversion for argument 1 from ‘[01m[KCluster[m[K’ to ‘[01m[Kconst pcl::PointCloud<pcl::PointXYZRGB>&[m[K’
make[2]: *** [CMakeFiles/tracking_with_registration.dir/src/extractMeasurement.cpp.o] Error 1
make[1]: *** [CMakeFiles/tracking_with_registration.dir/all] Error 2
make: *** [all] Error 2
