[35m[1mScanning dependencies of target tracking_with_registration[0m
[ 12%] [32mBuilding CXX object CMakeFiles/tracking_with_registration.dir/src/measurement.cpp.o[0m
[ 25%] [32mBuilding CXX object CMakeFiles/tracking_with_registration.dir/src/extractMeasurement.cpp.o[0m
[01m[K/workspace/TrackingWithRegistration/src/tracking_with_registration/src/extractMeasurement.cpp:[m[K In member function ‘[01m[Kvoid ExtractMeasurement::association(long long int)[m[K’:
[01m[K/workspace/TrackingWithRegistration/src/tracking_with_registration/src/extractMeasurement.cpp:181:92:[m[K [01;31m[Kerror: [m[Kno matching function for call to ‘[01m[KExtractMeasurement::extractCenterPoint(long long int&, __gnu_cxx::__alloc_traits<std::allocator<boost::shared_ptr<pcl::PointCloud<pcl::PointXYZRGB> > > >::value_type&, unsigned int&)[m[K’
     extractCenterPoint (timestamp, m_vecVehicleAccumulatedCloud[vehicleIndex], vehicleIndex);
[01;32m[K                                                                                            ^[m[K
In file included from [01m[K/workspace/TrackingWithRegistration/src/tracking_with_registration/src/extractMeasurement.cpp:1:0[m[K:
[01m[K/workspace/TrackingWithRegistration/src/tracking_with_registration/src/extractMeasurement.h:95:7:[m[K [01;36m[Knote: [m[Kcandidate: void ExtractMeasurement::extractCenterPoint(long long int, pcl::PointCloud<pcl::PointXYZ>::Ptr, unsigned int)
  void extractCenterPoint (long long timestamp, const pcl::PointCloud<pcl::PointXYZ>::Ptr pInputCloud, unsigned int vehicleIndex);
[01;32m[K       ^[m[K
[01m[K/workspace/TrackingWithRegistration/src/tracking_with_registration/src/extractMeasurement.h:95:7:[m[K [01;36m[Knote: [m[K  no known conversion for argument 2 from ‘[01m[K__gnu_cxx::__alloc_traits<std::allocator<boost::shared_ptr<pcl::PointCloud<pcl::PointXYZRGB> > > >::value_type {aka boost::shared_ptr<pcl::PointCloud<pcl::PointXYZRGB> >}[m[K’ to ‘[01m[Kpcl::PointCloud<pcl::PointXYZ>::Ptr {aka boost::shared_ptr<pcl::PointCloud<pcl::PointXYZ> >}[m[K’
[01m[K/workspace/TrackingWithRegistration/src/tracking_with_registration/src/extractMeasurement.cpp:[m[K In member function ‘[01m[Kvoid ExtractMeasurement::point2pointICP(long long int)[m[K’:
[01m[K/workspace/TrackingWithRegistration/src/tracking_with_registration/src/extractMeasurement.cpp:278:63:[m[K [01;31m[Kerror: [m[K‘[01m[KvehicleIndex[m[K’ was not declared in this scope
   extractCenterPoint (timestamp, m_vecVehicleAccumulatedCloud[vehicleIndex], vehicleN);
[01;32m[K                                                               ^[m[K
[01m[K/workspace/TrackingWithRegistration/src/tracking_with_registration/src/extractMeasurement.cpp:[m[K In member function ‘[01m[Kvoid ExtractMeasurement::extractCenterPoint(long long int, pcl::PointCloud<pcl::PointXYZ>::Ptr, unsigned int)[m[K’:
[01m[K/workspace/TrackingWithRegistration/src/tracking_with_registration/src/extractMeasurement.cpp:431:28:[m[K [01;31m[Kerror: [m[K‘[01m[Kshape[m[K’ was not declared in this scope
  vecOf_accumMeasurementCSV[shape.id-1] << shape.header.stamp << "," << shape.pose.position.x << "," << shape.pose.position.y << std::endl;
[01;32m[K                            ^[m[K
[01m[K/workspace/TrackingWithRegistration/src/tracking_with_registration/src/extractMeasurement.cpp:434:1:[m[K [01;31m[Kerror: [m[Kexpected ‘[01m[K;[m[K’ before ‘[01m[K}[m[K’ token
 }
[01;32m[K ^[m[K
CMakeFiles/tracking_with_registration.dir/build.make:158: recipe for target 'CMakeFiles/tracking_with_registration.dir/src/extractMeasurement.cpp.o' failed
make[2]: *** [CMakeFiles/tracking_with_registration.dir/src/extractMeasurement.cpp.o] Error 1
CMakeFiles/Makefile2:163: recipe for target 'CMakeFiles/tracking_with_registration.dir/all' failed
make[1]: *** [CMakeFiles/tracking_with_registration.dir/all] Error 2
Makefile:138: recipe for target 'all' failed
make: *** [all] Error 2
