In file included from [01m[K/workspace/TrackingWithRegistration/src/tracking_with_registration/src/extractMeasurement.cpp:1:0[m[K:
[01m[K/workspace/TrackingWithRegistration/src/tracking_with_registration/src/extractMeasurement.h:65:26:[m[K [01;31m[Kerror: [m[K‘[01m[Kptr[m[K’ is not a member of ‘[01m[Kpcl::PointCloud<pcl::PointXYZRGB>[m[K’
  std::vector<std::vector<pcl::PointCloud<pcl::PointXYZRGB>::ptr>> m_vecVehiclesTrackingCloud;
[01;32m[K                          ^[m[K
[01m[K/workspace/TrackingWithRegistration/src/tracking_with_registration/src/extractMeasurement.h:65:26:[m[K [01;31m[Kerror: [m[K‘[01m[Kptr[m[K’ is not a member of ‘[01m[Kpcl::PointCloud<pcl::PointXYZRGB>[m[K’
[01m[K/workspace/TrackingWithRegistration/src/tracking_with_registration/src/extractMeasurement.h:65:61:[m[K [01;31m[Kerror: [m[Ktemplate argument 1 is invalid
  std::vector<std::vector<pcl::PointCloud<pcl::PointXYZRGB>::ptr>> m_vecVehiclesTrackingCloud;
[01;32m[K                                                             ^[m[K
[01m[K/workspace/TrackingWithRegistration/src/tracking_with_registration/src/extractMeasurement.h:65:61:[m[K [01;31m[Kerror: [m[Ktemplate argument 2 is invalid
[01m[K/workspace/TrackingWithRegistration/src/tracking_with_registration/src/extractMeasurement.h:65:64:[m[K [01;31m[Kerror: [m[Ktemplate argument 1 is invalid
  std::vector<std::vector<pcl::PointCloud<pcl::PointXYZRGB>::ptr>> m_vecVehiclesTrackingCloud;
[01;32m[K                                                                ^[m[K
[01m[K/workspace/TrackingWithRegistration/src/tracking_with_registration/src/extractMeasurement.h:65:64:[m[K [01;31m[Kerror: [m[Ktemplate argument 2 is invalid
[01m[K/workspace/TrackingWithRegistration/src/tracking_with_registration/src/extractMeasurement.cpp:[m[K In constructor ‘[01m[KExtractMeasurement::ExtractMeasurement(unsigned int)[m[K’:
[01m[K/workspace/TrackingWithRegistration/src/tracking_with_registration/src/extractMeasurement.cpp:24:2:[m[K [01;31m[Kerror: [m[K‘[01m[Km_iterationN[m[K’ was not declared in this scope
  m_iterationN = 0;
[01;32m[K  ^[m[K
[01m[K/workspace/TrackingWithRegistration/src/tracking_with_registration/src/extractMeasurement.cpp:[m[K In member function ‘[01m[Kvoid ExtractMeasurement::association()[m[K’:
[01m[K/workspace/TrackingWithRegistration/src/tracking_with_registration/src/extractMeasurement.cpp:146:63:[m[K [01;31m[Kerror: [m[Kbase operand of ‘[01m[K->[m[K’ has non-pointer type ‘[01m[Kstd::vector<boost::shared_ptr<Cluster> >[m[K’
   unsigned int vehicleN = m_ObstacleTracking.m_TrackingObjects->m_id;
[01;32m[K                                                               ^[m[K
[01m[K/workspace/TrackingWithRegistration/src/tracking_with_registration/src/extractMeasurement.cpp:147:3:[m[K [01;31m[Kerror: [m[K‘[01m[Kptr[m[K’ is not a member of ‘[01m[Kpcl::PointCloud<pcl::PointXYZRGB>[m[K’
   pcl::PointCloud<pcl::PointXYZRGB>::ptr pTrackingCloud (m_ObstacleTracking.m_TrackingObjects[vehicleN].GetCloud());
[01;32m[K   ^[m[K
[01m[K/workspace/TrackingWithRegistration/src/tracking_with_registration/src/extractMeasurement.cpp:149:38:[m[K [01;31m[Kerror: [m[Kinvalid types ‘[01m[Kint[unsigned int][m[K’ for array subscript
   m_vecVehiclesTrackingCloud[vehicleN][iterationN].push_back (pTrackingCloud);
[01;32m[K                                      ^[m[K
[01m[K/workspace/TrackingWithRegistration/src/tracking_with_registration/src/extractMeasurement.cpp:149:63:[m[K [01;31m[Kerror: [m[K‘[01m[KpTrackingCloud[m[K’ was not declared in this scope
   m_vecVehiclesTrackingCloud[vehicleN][iterationN].push_back (pTrackingCloud);
[01;32m[K                                                               ^[m[K
In file included from [01m[K/workspace/TrackingWithRegistration/src/tracking_with_registration/src/measurement.cpp:8:0[m[K:
[01m[K/workspace/TrackingWithRegistration/src/tracking_with_registration/src/extractMeasurement.h:65:26:[m[K [01;31m[Kerror: [m[K‘[01m[Kptr[m[K’ is not a member of ‘[01m[Kpcl::PointCloud<pcl::PointXYZRGB>[m[K’
  std::vector<std::vector<pcl::PointCloud<pcl::PointXYZRGB>::ptr>> m_vecVehiclesTrackingCloud;
[01;32m[K                          ^[m[K
[01m[K/workspace/TrackingWithRegistration/src/tracking_with_registration/src/extractMeasurement.h:65:26:[m[K [01;31m[Kerror: [m[K‘[01m[Kptr[m[K’ is not a member of ‘[01m[Kpcl::PointCloud<pcl::PointXYZRGB>[m[K’
[01m[K/workspace/TrackingWithRegistration/src/tracking_with_registration/src/extractMeasurement.h:65:61:[m[K [01;31m[Kerror: [m[Ktemplate argument 1 is invalid
  std::vector<std::vector<pcl::PointCloud<pcl::PointXYZRGB>::ptr>> m_vecVehiclesTrackingCloud;
[01;32m[K                                                             ^[m[K
[01m[K/workspace/TrackingWithRegistration/src/tracking_with_registration/src/extractMeasurement.h:65:61:[m[K [01;31m[Kerror: [m[Ktemplate argument 2 is invalid
[01m[K/workspace/TrackingWithRegistration/src/tracking_with_registration/src/extractMeasurement.h:65:64:[m[K [01;31m[Kerror: [m[Ktemplate argument 1 is invalid
  std::vector<std::vector<pcl::PointCloud<pcl::PointXYZRGB>::ptr>> m_vecVehiclesTrackingCloud;
[01;32m[K                                                                ^[m[K
[01m[K/workspace/TrackingWithRegistration/src/tracking_with_registration/src/extractMeasurement.h:65:64:[m[K [01;31m[Kerror: [m[Ktemplate argument 2 is invalid
make[2]: *** [CMakeFiles/tracking_with_registration.dir/src/extractMeasurement.cpp.o] Error 1
make[2]: *** Waiting for unfinished jobs....
make[2]: *** [CMakeFiles/tracking_with_registration.dir/src/measurement.cpp.o] Error 1
make[1]: *** [CMakeFiles/tracking_with_registration.dir/all] Error 2
make: *** [all] Error 2
