[01m[K/workspace/TrackingWithRegistration/src/tracking_with_registration/src/extractMeasurement.cpp:[m[K In member function ‘[01m[Kvoid ExtractMeasurement::point2pointICP()[m[K’:
[01m[K/workspace/TrackingWithRegistration/src/tracking_with_registration/src/extractMeasurement.cpp:253:73:[m[K [01;31m[Kerror: [m[Kno match for ‘[01m[Koperator+[m[K’ (operand types are ‘[01m[Kconst pcl::PointCloud<pcl::PointXYZRGB>[m[K’ and ‘[01m[Kpcl::PointCloud<pcl::PointXYZRGB>[m[K’)
   *pAccumulationCloud = *pSourceCloudChangeRGB + *pTargetCloudChangeRGB + FinalChangeRGB;
[01;32m[K                                                                         ^[m[K
In file included from [01m[K/opt/ros/kinetic/include/pcl_ros/point_cloud.h:5:0[m[K,
                 from [01m[K/workspace/TrackingWithRegistration/src/tracking_with_registration/src/extractMeasurement.h:5[m[K,
                 from [01m[K/workspace/TrackingWithRegistration/src/tracking_with_registration/src/extractMeasurement.cpp:1[m[K:
[01m[K/usr/include/pcl-1.7/pcl/point_cloud.h:272:7:[m[K [01;36m[Knote: [m[Kcandidate: const pcl::PointCloud<PointT> pcl::PointCloud<PointT>::operator+(const pcl::PointCloud<PointT>&) [with PointT = pcl::PointXYZRGB] <near match>
       operator + (const PointCloud& rhs)
[01;32m[K       ^[m[K
[01m[K/usr/include/pcl-1.7/pcl/point_cloud.h:272:7:[m[K [01;36m[Knote: [m[K  passing ‘[01m[Kconst pcl::PointCloud<pcl::PointXYZRGB>*[m[K’ as ‘[01m[Kthis[m[K’ argument discards qualifiers
In file included from [01m[K/usr/include/c++/5/bits/stl_algobase.h:67:0[m[K,
                 from [01m[K/usr/include/c++/5/bits/char_traits.h:39[m[K,
                 from [01m[K/usr/include/c++/5/string:40[m[K,
                 from [01m[K/opt/ros/kinetic/include/ros/platform.h:55[m[K,
                 from [01m[K/opt/ros/kinetic/include/ros/time.h:53[m[K,
                 from [01m[K/opt/ros/kinetic/include/ros/ros.h:38[m[K,
                 from [01m[K/workspace/TrackingWithRegistration/src/tracking_with_registration/src/extractMeasurement.h:4[m[K,
                 from [01m[K/workspace/TrackingWithRegistration/src/tracking_with_registration/src/extractMeasurement.cpp:1[m[K:
[01m[K/usr/include/c++/5/bits/stl_iterator.h:334:5:[m[K [01;36m[Knote: [m[Kcandidate: template<class _Iterator> std::reverse_iterator<_Iterator> std::operator+(typename std::reverse_iterator<_Iterator>::difference_type, const std::reverse_iterator<_Iterator>&)
     operator+(typename reverse_iterator<_Iterator>::difference_type __n,
[01;32m[K     ^[m[K
[01m[K/usr/include/c++/5/bits/stl_iterator.h:334:5:[m[K [01;36m[Knote: [m[K  template argument deduction/substitution failed:
[01m[K/workspace/TrackingWithRegistration/src/tracking_with_registration/src/extractMeasurement.cpp:253:75:[m[K [01;36m[Knote: [m[K  ‘[01m[Kpcl::PointCloud<pcl::PointXYZRGB>[m[K’ is not derived from ‘[01m[Kconst std::reverse_iterator<_Iterator>[m[K’
   *pAccumulationCloud = *pSourceCloudChangeRGB + *pTargetCloudChangeRGB + FinalChangeRGB;
[01;32m[K                                                                           ^[m[K
In file included from [01m[K/usr/include/c++/5/bits/stl_algobase.h:67:0[m[K,
                 from [01m[K/usr/include/c++/5/bits/char_traits.h:39[m[K,
                 from [01m[K/usr/include/c++/5/string:40[m[K,
                 from [01m[K/opt/ros/kinetic/include/ros/platform.h:55[m[K,
                 from [01m[K/opt/ros/kinetic/include/ros/time.h:53[m[K,
                 from [01m[K/opt/ros/kinetic/include/ros/ros.h:38[m[K,
                 from [01m[K/workspace/TrackingWithRegistration/src/tracking_with_registration/src/extractMeasurement.h:4[m[K,
                 from [01m[K/workspace/TrackingWithRegistration/src/tracking_with_registration/src/extractMeasurement.cpp:1[m[K:
[01m[K/usr/include/c++/5/bits/stl_iterator.h:1152:5:[m[K [01;36m[Knote: [m[Kcandidate: template<class _Iterator> std::move_iterator<_Iterator> std::operator+(typename std::move_iterator<_Iterator>::difference_type, const std::move_iterator<_Iterator>&)
     operator+(typename move_iterator<_Iterator>::difference_type __n,
[01;32m[K     ^[m[K
[01m[K/usr/include/c++/5/bits/stl_iterator.h:1152:5:[m[K [01;36m[Knote: [m[K  template argument deduction/substitution failed:
[01m[K/workspace/TrackingWithRegistration/src/tracking_with_registration/src/extractMeasurement.cpp:253:75:[m[K [01;36m[Knote: [m[K  ‘[01m[Kpcl::PointCloud<pcl::PointXYZRGB>[m[K’ is not derived from ‘[01m[Kconst std::move_iterator<_Iterator>[m[K’
   *pAccumulationCloud = *pSourceCloudChangeRGB + *pTargetCloudChangeRGB + FinalChangeRGB;
[01;32m[K                                                                           ^[m[K
In file included from [01m[K/usr/include/c++/5/string:52:0[m[K,
                 from [01m[K/opt/ros/kinetic/include/ros/platform.h:55[m[K,
                 from [01m[K/opt/ros/kinetic/include/ros/time.h:53[m[K,
                 from [01m[K/opt/ros/kinetic/include/ros/ros.h:38[m[K,
                 from [01m[K/workspace/TrackingWithRegistration/src/tracking_with_registration/src/extractMeasurement.h:4[m[K,
                 from [01m[K/workspace/TrackingWithRegistration/src/tracking_with_registration/src/extractMeasurement.cpp:1[m[K:
[01m[K/usr/include/c++/5/bits/basic_string.h:4783:5:[m[K [01;36m[Knote: [m[Kcandidate: template<class _CharT, class _Traits, class _Alloc> std::__cxx11::basic_string<_CharT, _Traits, _Alloc> std::operator+(const std::__cxx11::basic_string<_CharT, _Traits, _Alloc>&, const std::__cxx11::basic_string<_CharT, _Traits, _Alloc>&)
     operator+(const basic_string<_CharT, _Traits, _Alloc>& __lhs,
[01;32m[K     ^[m[K
[01m[K/usr/include/c++/5/bits/basic_string.h:4783:5:[m[K [01;36m[Knote: [m[K  template argument deduction/substitution failed:
[01m[K/workspace/TrackingWithRegistration/src/tracking_with_registration/src/extractMeasurement.cpp:253:75:[m[K [01;36m[Knote: [m[K  ‘[01m[Kconst pcl::PointCloud<pcl::PointXYZRGB>[m[K’ is not derived from ‘[01m[Kconst std::__cxx11::basic_string<_CharT, _Traits, _Alloc>[m[K’
   *pAccumulationCloud = *pSourceCloudChangeRGB + *pTargetCloudChangeRGB + FinalChangeRGB;
[01;32m[K                                                                           ^[m[K
In file included from [01m[K/usr/include/c++/5/string:53:0[m[K,
                 from [01m[K/opt/ros/kinetic/include/ros/platform.h:55[m[K,
                 from [01m[K/opt/ros/kinetic/include/ros/time.h:53[m[K,
                 from [01m[K/opt/ros/kinetic/include/ros/ros.h:38[m[K,
                 from [01m[K/workspace/TrackingWithRegistration/src/tracking_with_registration/src/extractMeasurement.h:4[m[K,
                 from [01m[K/workspace/TrackingWithRegistration/src/tracking_with_registration/src/extractMeasurement.cpp:1[m[K:
[01m[K/usr/include/c++/5/bits/basic_string.tcc:1151:5:[m[K [01;36m[Knote: [m[Kcandidate: template<class _CharT, class _Traits, class _Alloc> std::__cxx11::basic_string<_CharT, _Traits, _Alloc> std::operator+(const _CharT*, const std::__cxx11::basic_string<_CharT, _Traits, _Alloc>&)
     operator+(const _CharT* __lhs,
[01;32m[K     ^[m[K
[01m[K/usr/include/c++/5/bits/basic_string.tcc:1151:5:[m[K [01;36m[Knote: [m[K  template argument deduction/substitution failed:
[01m[K/workspace/TrackingWithRegistration/src/tracking_with_registration/src/extractMeasurement.cpp:253:75:[m[K [01;36m[Knote: [m[K  mismatched types ‘[01m[Kconst _CharT*[m[K’ and ‘[01m[Kpcl::PointCloud<pcl::PointXYZRGB>[m[K’
   *pAccumulationCloud = *pSourceCloudChangeRGB + *pTargetCloudChangeRGB + FinalChangeRGB;
[01;32m[K                                                                           ^[m[K
In file included from [01m[K/usr/include/c++/5/string:53:0[m[K,
                 from [01m[K/opt/ros/kinetic/include/ros/platform.h:55[m[K,
                 from [01m[K/opt/ros/kinetic/include/ros/time.h:53[m[K,
                 from [01m[K/opt/ros/kinetic/include/ros/ros.h:38[m[K,
                 from [01m[K/workspace/TrackingWithRegistration/src/tracking_with_registration/src/extractMeasurement.h:4[m[K,
                 from [01m[K/workspace/TrackingWithRegistration/src/tracking_with_registration/src/extractMeasurement.cpp:1[m[K:
[01m[K/usr/include/c++/5/bits/basic_string.tcc:1167:5:[m[K [01;36m[Knote: [m[Kcandidate: template<class _CharT, class _Traits, class _Alloc> std::__cxx11::basic_string<_CharT, _Traits, _Alloc> std::operator+(_CharT, const std::__cxx11::basic_string<_CharT, _Traits, _Alloc>&)
     operator+(_CharT __lhs, const basic_string<_CharT, _Traits, _Alloc>& __rhs)
[01;32m[K     ^[m[K
[01m[K/usr/include/c++/5/bits/basic_string.tcc:1167:5:[m[K [01;36m[Knote: [m[K  template argument deduction/substitution failed:
[01m[K/workspace/TrackingWithRegistration/src/tracking_with_registration/src/extractMeasurement.cpp:253:75:[m[K [01;36m[Knote: [m[K  ‘[01m[Kpcl::PointCloud<pcl::PointXYZRGB>[m[K’ is not derived from ‘[01m[Kconst std::__cxx11::basic_string<_CharT, _Traits, _Alloc>[m[K’
   *pAccumulationCloud = *pSourceCloudChangeRGB + *pTargetCloudChangeRGB + FinalChangeRGB;
[01;32m[K                                                                           ^[m[K
In file included from [01m[K/usr/include/c++/5/string:52:0[m[K,
                 from [01m[K/opt/ros/kinetic/include/ros/platform.h:55[m[K,
                 from [01m[K/opt/ros/kinetic/include/ros/time.h:53[m[K,
                 from [01m[K/opt/ros/kinetic/include/ros/ros.h:38[m[K,
                 from [01m[K/workspace/TrackingWithRegistration/src/tracking_with_registration/src/extractMeasurement.h:4[m[K,
                 from [01m[K/workspace/TrackingWithRegistration/src/tracking_with_registration/src/extractMeasurement.cpp:1[m[K:
[01m[K/usr/include/c++/5/bits/basic_string.h:4820:5:[m[K [01;36m[Knote: [m[Kcandidate: template<class _CharT, class _Traits, class _Alloc> std::__cxx11::basic_string<_CharT, _Traits, _Alloc> std::operator+(const std::__cxx11::basic_string<_CharT, _Traits, _Alloc>&, const _CharT*)
     operator+(const basic_string<_CharT, _Traits, _Alloc>& __lhs,
[01;32m[K     ^[m[K
[01m[K/usr/include/c++/5/bits/basic_string.h:4820:5:[m[K [01;36m[Knote: [m[K  template argument deduction/substitution failed:
[01m[K/workspace/TrackingWithRegistration/src/tracking_with_registration/src/extractMeasurement.cpp:253:75:[m[K [01;36m[Knote: [m[K  ‘[01m[Kconst pcl::PointCloud<pcl::PointXYZRGB>[m[K’ is not derived from ‘[01m[Kconst std::__cxx11::basic_string<_CharT, _Traits, _Alloc>[m[K’
   *pAccumulationCloud = *pSourceCloudChangeRGB + *pTargetCloudChangeRGB + FinalChangeRGB;
[01;32m[K                                                                           ^[m[K
In file included from [01m[K/usr/include/c++/5/string:52:0[m[K,
                 from [01m[K/opt/ros/kinetic/include/ros/platform.h:55[m[K,
                 from [01m[K/opt/ros/kinetic/include/ros/time.h:53[m[K,
                 from [01m[K/opt/ros/kinetic/include/ros/ros.h:38[m[K,
                 from [01m[K/workspace/TrackingWithRegistration/src/tracking_with_registration/src/extractMeasurement.h:4[m[K,
                 from [01m[K/workspace/TrackingWithRegistration/src/tracking_with_registration/src/extractMeasurement.cpp:1[m[K:
[01m[K/usr/include/c++/5/bits/basic_string.h:4836:5:[m[K [01;36m[Knote: [m[Kcandidate: template<class _CharT, class _Traits, class _Alloc> std::__cxx11::basic_string<_CharT, _Traits, _Alloc> std::operator+(const std::__cxx11::basic_string<_CharT, _Traits, _Alloc>&, _CharT)
     operator+(const basic_string<_CharT, _Traits, _Alloc>& __lhs, _CharT __rhs)
[01;32m[K     ^[m[K
[01m[K/usr/include/c++/5/bits/basic_string.h:4836:5:[m[K [01;36m[Knote: [m[K  template argument deduction/substitution failed:
[01m[K/workspace/TrackingWithRegistration/src/tracking_with_registration/src/extractMeasurement.cpp:253:75:[m[K [01;36m[Knote: [m[K  ‘[01m[Kconst pcl::PointCloud<pcl::PointXYZRGB>[m[K’ is not derived from ‘[01m[Kconst std::__cxx11::basic_string<_CharT, _Traits, _Alloc>[m[K’
   *pAccumulationCloud = *pSourceCloudChangeRGB + *pTargetCloudChangeRGB + FinalChangeRGB;
[01;32m[K                                                                           ^[m[K
In file included from [01m[K/usr/include/c++/5/string:52:0[m[K,
                 from [01m[K/opt/ros/kinetic/include/ros/platform.h:55[m[K,
                 from [01m[K/opt/ros/kinetic/include/ros/time.h:53[m[K,
                 from [01m[K/opt/ros/kinetic/include/ros/ros.h:38[m[K,
                 from [01m[K/workspace/TrackingWithRegistration/src/tracking_with_registration/src/extractMeasurement.h:4[m[K,
                 from [01m[K/workspace/TrackingWithRegistration/src/tracking_with_registration/src/extractMeasurement.cpp:1[m[K:
[01m[K/usr/include/c++/5/bits/basic_string.h:4848:5:[m[K [01;36m[Knote: [m[Kcandidate: template<class _CharT, class _Traits, class _Alloc> std::__cxx11::basic_string<_CharT, _Traits, _Alloc> std::operator+(std::__cxx11::basic_string<_CharT, _Traits, _Alloc>&&, const std::__cxx11::basic_string<_CharT, _Traits, _Alloc>&)
     operator+(basic_string<_CharT, _Traits, _Alloc>&& __lhs,
[01;32m[K     ^[m[K
[01m[K/usr/include/c++/5/bits/basic_string.h:4848:5:[m[K [01;36m[Knote: [m[K  template argument deduction/substitution failed:
[01m[K/workspace/TrackingWithRegistration/src/tracking_with_registration/src/extractMeasurement.cpp:253:75:[m[K [01;36m[Knote: [m[K  types ‘[01m[Kstd::__cxx11::basic_string<_CharT, _Traits, _Alloc>[m[K’ and ‘[01m[Kconst pcl::PointCloud<pcl::PointXYZRGB>[m[K’ have incompatible cv-qualifiers
   *pAccumulationCloud = *pSourceCloudChangeRGB + *pTargetCloudChangeRGB + FinalChangeRGB;
[01;32m[K                                                                           ^[m[K
In file included from [01m[K/usr/include/c++/5/string:52:0[m[K,
                 from [01m[K/opt/ros/kinetic/include/ros/platform.h:55[m[K,
                 from [01m[K/opt/ros/kinetic/include/ros/time.h:53[m[K,
                 from [01m[K/opt/ros/kinetic/include/ros/ros.h:38[m[K,
                 from [01m[K/workspace/TrackingWithRegistration/src/tracking_with_registration/src/extractMeasurement.h:4[m[K,
                 from [01m[K/workspace/TrackingWithRegistration/src/tracking_with_registration/src/extractMeasurement.cpp:1[m[K:
[01m[K/usr/include/c++/5/bits/basic_string.h:4854:5:[m[K [01;36m[Knote: [m[Kcandidate: template<class _CharT, class _Traits, class _Alloc> std::__cxx11::basic_string<_CharT, _Traits, _Alloc> std::operator+(const std::__cxx11::basic_string<_CharT, _Traits, _Alloc>&, std::__cxx11::basic_string<_CharT, _Traits, _Alloc>&&)
     operator+(const basic_string<_CharT, _Traits, _Alloc>& __lhs,
[01;32m[K     ^[m[K
[01m[K/usr/include/c++/5/bits/basic_string.h:4854:5:[m[K [01;36m[Knote: [m[K  template argument deduction/substitution failed:
[01m[K/workspace/TrackingWithRegistration/src/tracking_with_registration/src/extractMeasurement.cpp:253:75:[m[K [01;36m[Knote: [m[K  ‘[01m[Kconst pcl::PointCloud<pcl::PointXYZRGB>[m[K’ is not derived from ‘[01m[Kconst std::__cxx11::basic_string<_CharT, _Traits, _Alloc>[m[K’
   *pAccumulationCloud = *pSourceCloudChangeRGB + *pTargetCloudChangeRGB + FinalChangeRGB;
[01;32m[K                                                                           ^[m[K
In file included from [01m[K/usr/include/c++/5/string:52:0[m[K,
                 from [01m[K/opt/ros/kinetic/include/ros/platform.h:55[m[K,
                 from [01m[K/opt/ros/kinetic/include/ros/time.h:53[m[K,
                 from [01m[K/opt/ros/kinetic/include/ros/ros.h:38[m[K,
                 from [01m[K/workspace/TrackingWithRegistration/src/tracking_with_registration/src/extractMeasurement.h:4[m[K,
                 from [01m[K/workspace/TrackingWithRegistration/src/tracking_with_registration/src/extractMeasurement.cpp:1[m[K:
[01m[K/usr/include/c++/5/bits/basic_string.h:4860:5:[m[K [01;36m[Knote: [m[Kcandidate: template<class _CharT, class _Traits, class _Alloc> std::__cxx11::basic_string<_CharT, _Traits, _Alloc> std::operator+(std::__cxx11::basic_string<_CharT, _Traits, _Alloc>&&, std::__cxx11::basic_string<_CharT, _Traits, _Alloc>&&)
     operator+(basic_string<_CharT, _Traits, _Alloc>&& __lhs,
[01;32m[K     ^[m[K
[01m[K/usr/include/c++/5/bits/basic_string.h:4860:5:[m[K [01;36m[Knote: [m[K  template argument deduction/substitution failed:
[01m[K/workspace/TrackingWithRegistration/src/tracking_with_registration/src/extractMeasurement.cpp:253:75:[m[K [01;36m[Knote: [m[K  types ‘[01m[Kstd::__cxx11::basic_string<_CharT, _Traits, _Alloc>[m[K’ and ‘[01m[Kconst pcl::PointCloud<pcl::PointXYZRGB>[m[K’ have incompatible cv-qualifiers
   *pAccumulationCloud = *pSourceCloudChangeRGB + *pTargetCloudChangeRGB + FinalChangeRGB;
[01;32m[K                                                                           ^[m[K
In file included from [01m[K/usr/include/c++/5/string:52:0[m[K,
                 from [01m[K/opt/ros/kinetic/include/ros/platform.h:55[m[K,
                 from [01m[K/opt/ros/kinetic/include/ros/time.h:53[m[K,
                 from [01m[K/opt/ros/kinetic/include/ros/ros.h:38[m[K,
                 from [01m[K/workspace/TrackingWithRegistration/src/tracking_with_registration/src/extractMeasurement.h:4[m[K,
                 from [01m[K/workspace/TrackingWithRegistration/src/tracking_with_registration/src/extractMeasurement.cpp:1[m[K:
[01m[K/usr/include/c++/5/bits/basic_string.h:4872:5:[m[K [01;36m[Knote: [m[Kcandidate: template<class _CharT, class _Traits, class _Alloc> std::__cxx11::basic_string<_CharT, _Traits, _Alloc> std::operator+(const _CharT*, std::__cxx11::basic_string<_CharT, _Traits, _Alloc>&&)
     operator+(const _CharT* __lhs,
[01;32m[K     ^[m[K
[01m[K/usr/include/c++/5/bits/basic_string.h:4872:5:[m[K [01;36m[Knote: [m[K  template argument deduction/substitution failed:
[01m[K/workspace/TrackingWithRegistration/src/tracking_with_registration/src/extractMeasurement.cpp:253:75:[m[K [01;36m[Knote: [m[K  mismatched types ‘[01m[Kconst _CharT*[m[K’ and ‘[01m[Kpcl::PointCloud<pcl::PointXYZRGB>[m[K’
   *pAccumulationCloud = *pSourceCloudChangeRGB + *pTargetCloudChangeRGB + FinalChangeRGB;
[01;32m[K                                                                           ^[m[K
In file included from [01m[K/usr/include/c++/5/string:52:0[m[K,
                 from [01m[K/opt/ros/kinetic/include/ros/platform.h:55[m[K,
                 from [01m[K/opt/ros/kinetic/include/ros/time.h:53[m[K,
                 from [01m[K/opt/ros/kinetic/include/ros/ros.h:38[m[K,
                 from [01m[K/workspace/TrackingWithRegistration/src/tracking_with_registration/src/extractMeasurement.h:4[m[K,
                 from [01m[K/workspace/TrackingWithRegistration/src/tracking_with_registration/src/extractMeasurement.cpp:1[m[K:
[01m[K/usr/include/c++/5/bits/basic_string.h:4878:5:[m[K [01;36m[Knote: [m[Kcandidate: template<class _CharT, class _Traits, class _Alloc> std::__cxx11::basic_string<_CharT, _Traits, _Alloc> std::operator+(_CharT, std::__cxx11::basic_string<_CharT, _Traits, _Alloc>&&)
     operator+(_CharT __lhs,
[01;32m[K     ^[m[K
[01m[K/usr/include/c++/5/bits/basic_string.h:4878:5:[m[K [01;36m[Knote: [m[K  template argument deduction/substitution failed:
[01m[K/workspace/TrackingWithRegistration/src/tracking_with_registration/src/extractMeasurement.cpp:253:75:[m[K [01;36m[Knote: [m[K  ‘[01m[Kpcl::PointCloud<pcl::PointXYZRGB>[m[K’ is not derived from ‘[01m[Kstd::__cxx11::basic_string<_CharT, _Traits, _Alloc>[m[K’
   *pAccumulationCloud = *pSourceCloudChangeRGB + *pTargetCloudChangeRGB + FinalChangeRGB;
[01;32m[K                                                                           ^[m[K
In file included from [01m[K/usr/include/c++/5/string:52:0[m[K,
                 from [01m[K/opt/ros/kinetic/include/ros/platform.h:55[m[K,
                 from [01m[K/opt/ros/kinetic/include/ros/time.h:53[m[K,
                 from [01m[K/opt/ros/kinetic/include/ros/ros.h:38[m[K,
                 from [01m[K/workspace/TrackingWithRegistration/src/tracking_with_registration/src/extractMeasurement.h:4[m[K,
                 from [01m[K/workspace/TrackingWithRegistration/src/tracking_with_registration/src/extractMeasurement.cpp:1[m[K:
[01m[K/usr/include/c++/5/bits/basic_string.h:4884:5:[m[K [01;36m[Knote: [m[Kcandidate: template<class _CharT, class _Traits, class _Alloc> std::__cxx11::basic_string<_CharT, _Traits, _Alloc> std::operator+(std::__cxx11::basic_string<_CharT, _Traits, _Alloc>&&, const _CharT*)
     operator+(basic_string<_CharT, _Traits, _Alloc>&& __lhs,
[01;32m[K     ^[m[K
[01m[K/usr/include/c++/5/bits/basic_string.h:4884:5:[m[K [01;36m[Knote: [m[K  template argument deduction/substitution failed:
[01m[K/workspace/TrackingWithRegistration/src/tracking_with_registration/src/extractMeasurement.cpp:253:75:[m[K [01;36m[Knote: [m[K  types ‘[01m[Kstd::__cxx11::basic_string<_CharT, _Traits, _Alloc>[m[K’ and ‘[01m[Kconst pcl::PointCloud<pcl::PointXYZRGB>[m[K’ have incompatible cv-qualifiers
   *pAccumulationCloud = *pSourceCloudChangeRGB + *pTargetCloudChangeRGB + FinalChangeRGB;
[01;32m[K                                                                           ^[m[K
In file included from [01m[K/usr/include/c++/5/string:52:0[m[K,
                 from [01m[K/opt/ros/kinetic/include/ros/platform.h:55[m[K,
                 from [01m[K/opt/ros/kinetic/include/ros/time.h:53[m[K,
                 from [01m[K/opt/ros/kinetic/include/ros/ros.h:38[m[K,
                 from [01m[K/workspace/TrackingWithRegistration/src/tracking_with_registration/src/extractMeasurement.h:4[m[K,
                 from [01m[K/workspace/TrackingWithRegistration/src/tracking_with_registration/src/extractMeasurement.cpp:1[m[K:
[01m[K/usr/include/c++/5/bits/basic_string.h:4890:5:[m[K [01;36m[Knote: [m[Kcandidate: template<class _CharT, class _Traits, class _Alloc> std::__cxx11::basic_string<_CharT, _Traits, _Alloc> std::operator+(std::__cxx11::basic_string<_CharT, _Traits, _Alloc>&&, _CharT)
     operator+(basic_string<_CharT, _Traits, _Alloc>&& __lhs,
[01;32m[K     ^[m[K
[01m[K/usr/include/c++/5/bits/basic_string.h:4890:5:[m[K [01;36m[Knote: [m[K  template argument deduction/substitution failed:
[01m[K/workspace/TrackingWithRegistration/src/tracking_with_registration/src/extractMeasurement.cpp:253:75:[m[K [01;36m[Knote: [m[K  types ‘[01m[Kstd::__cxx11::basic_string<_CharT, _Traits, _Alloc>[m[K’ and ‘[01m[Kconst pcl::PointCloud<pcl::PointXYZRGB>[m[K’ have incompatible cv-qualifiers
   *pAccumulationCloud = *pSourceCloudChangeRGB + *pTargetCloudChangeRGB + FinalChangeRGB;
[01;32m[K                                                                           ^[m[K
In file included from [01m[K/usr/include/c++/5/vector:65:0[m[K,
                 from [01m[K/usr/include/c++/5/bits/random.h:34[m[K,
                 from [01m[K/usr/include/c++/5/random:49[m[K,
                 from [01m[K/usr/include/c++/5/bits/stl_algo.h:66[m[K,
                 from [01m[K/usr/include/c++/5/algorithm:62[m[K,
                 from [01m[K/usr/include/boost/math/tools/config.hpp:17[m[K,
                 from [01m[K/usr/include/boost/math/special_functions/round.hpp:13[m[K,
                 from [01m[K/opt/ros/kinetic/include/ros/time.h:58[m[K,
                 from [01m[K/opt/ros/kinetic/include/ros/ros.h:38[m[K,
                 from [01m[K/workspace/TrackingWithRegistration/src/tracking_with_registration/src/extractMeasurement.h:4[m[K,
                 from [01m[K/workspace/TrackingWithRegistration/src/tracking_with_registration/src/extractMeasurement.cpp:1[m[K:
[01m[K/usr/include/c++/5/bits/stl_bvector.h:297:3:[m[K [01;36m[Knote: [m[Kcandidate: std::_Bit_iterator std::operator+(std::ptrdiff_t, const std::_Bit_iterator&)
   operator+(ptrdiff_t __n, const _Bit_iterator& __x)
[01;32m[K   ^[m[K
[01m[K/usr/include/c++/5/bits/stl_bvector.h:297:3:[m[K [01;36m[Knote: [m[K  no known conversion for argument 1 from ‘[01m[Kconst pcl::PointCloud<pcl::PointXYZRGB>[m[K’ to ‘[01m[Kstd::ptrdiff_t {aka long int}[m[K’
[01m[K/usr/include/c++/5/bits/stl_bvector.h:387:3:[m[K [01;36m[Knote: [m[Kcandidate: std::_Bit_const_iterator std::operator+(std::ptrdiff_t, const std::_Bit_const_iterator&)
   operator+(ptrdiff_t __n, const _Bit_const_iterator& __x)
[01;32m[K   ^[m[K
[01m[K/usr/include/c++/5/bits/stl_bvector.h:387:3:[m[K [01;36m[Knote: [m[K  no known conversion for argument 1 from ‘[01m[Kconst pcl::PointCloud<pcl::PointXYZRGB>[m[K’ to ‘[01m[Kstd::ptrdiff_t {aka long int}[m[K’
In file included from [01m[K/usr/include/boost/config/no_tr1/complex.hpp:21:0[m[K,
                 from [01m[K/usr/include/boost/math/policies/error_handling.hpp:15[m[K,
                 from [01m[K/usr/include/boost/math/special_functions/round.hpp:14[m[K,
                 from [01m[K/opt/ros/kinetic/include/ros/time.h:58[m[K,
                 from [01m[K/opt/ros/kinetic/include/ros/ros.h:38[m[K,
                 from [01m[K/workspace/TrackingWithRegistration/src/tracking_with_registration/src/extractMeasurement.h:4[m[K,
                 from [01m[K/workspace/TrackingWithRegistration/src/tracking_with_registration/src/extractMeasurement.cpp:1[m[K:
[01m[K/usr/include/c++/5/complex:326:5:[m[K [01;36m[Knote: [m[Kcandidate: template<class _Tp> std::complex<_Tp> std::operator+(const std::complex<_Tp>&, const std::complex<_Tp>&)
     operator+(const complex<_Tp>& __x, const complex<_Tp>& __y)
[01;32m[K     ^[m[K
[01m[K/usr/include/c++/5/complex:326:5:[m[K [01;36m[Knote: [m[K  template argument deduction/substitution failed:
[01m[K/workspace/TrackingWithRegistration/src/tracking_with_registration/src/extractMeasurement.cpp:253:75:[m[K [01;36m[Knote: [m[K  ‘[01m[Kconst pcl::PointCloud<pcl::PointXYZRGB>[m[K’ is not derived from ‘[01m[Kconst std::complex<_Tp>[m[K’
   *pAccumulationCloud = *pSourceCloudChangeRGB + *pTargetCloudChangeRGB + FinalChangeRGB;
[01;32m[K                                                                           ^[m[K
In file included from [01m[K/usr/include/boost/config/no_tr1/complex.hpp:21:0[m[K,
                 from [01m[K/usr/include/boost/math/policies/error_handling.hpp:15[m[K,
                 from [01m[K/usr/include/boost/math/special_functions/round.hpp:14[m[K,
                 from [01m[K/opt/ros/kinetic/include/ros/time.h:58[m[K,
                 from [01m[K/opt/ros/kinetic/include/ros/ros.h:38[m[K,
                 from [01m[K/workspace/TrackingWithRegistration/src/tracking_with_registration/src/extractMeasurement.h:4[m[K,
                 from [01m[K/workspace/TrackingWithRegistration/src/tracking_with_registration/src/extractMeasurement.cpp:1[m[K:
[01m[K/usr/include/c++/5/complex:335:5:[m[K [01;36m[Knote: [m[Kcandidate: template<class _Tp> std::complex<_Tp> std::operator+(const std::complex<_Tp>&, const _Tp&)
     operator+(const complex<_Tp>& __x, const _Tp& __y)
[01;32m[K     ^[m[K
[01m[K/usr/include/c++/5/complex:335:5:[m[K [01;36m[Knote: [m[K  template argument deduction/substitution failed:
[01m[K/workspace/TrackingWithRegistration/src/tracking_with_registration/src/extractMeasurement.cpp:253:75:[m[K [01;36m[Knote: [m[K  ‘[01m[Kconst pcl::PointCloud<pcl::PointXYZRGB>[m[K’ is not derived from ‘[01m[Kconst std::complex<_Tp>[m[K’
   *pAccumulationCloud = *pSourceCloudChangeRGB + *pTargetCloudChangeRGB + FinalChangeRGB;
[01;32m[K                                                                           ^[m[K
In file included from [01m[K/usr/include/boost/config/no_tr1/complex.hpp:21:0[m[K,
                 from [01m[K/usr/include/boost/math/policies/error_handling.hpp:15[m[K,
                 from [01m[K/usr/include/boost/math/special_functions/round.hpp:14[m[K,
                 from [01m[K/opt/ros/kinetic/include/ros/time.h:58[m[K,
                 from [01m[K/opt/ros/kinetic/include/ros/ros.h:38[m[K,
                 from [01m[K/workspace/TrackingWithRegistration/src/tracking_with_registration/src/extractMeasurement.h:4[m[K,
                 from [01m[K/workspace/TrackingWithRegistration/src/tracking_with_registration/src/extractMeasurement.cpp:1[m[K:
[01m[K/usr/include/c++/5/complex:344:5:[m[K [01;36m[Knote: [m[Kcandidate: template<class _Tp> std::complex<_Tp> std::operator+(const _Tp&, const std::complex<_Tp>&)
     operator+(const _Tp& __x, const complex<_Tp>& __y)
[01;32m[K     ^[m[K
[01m[K/usr/include/c++/5/complex:344:5:[m[K [01;36m[Knote: [m[K  template argument deduction/substitution failed:
[01m[K/workspace/TrackingWithRegistration/src/tracking_with_registration/src/extractMeasurement.cpp:253:75:[m[K [01;36m[Knote: [m[K  ‘[01m[Kpcl::PointCloud<pcl::PointXYZRGB>[m[K’ is not derived from ‘[01m[Kconst std::complex<_Tp>[m[K’
   *pAccumulationCloud = *pSourceCloudChangeRGB + *pTargetCloudChangeRGB + FinalChangeRGB;
[01;32m[K                                                                           ^[m[K
In file included from [01m[K/usr/include/boost/config/no_tr1/complex.hpp:21:0[m[K,
                 from [01m[K/usr/include/boost/math/policies/error_handling.hpp:15[m[K,
                 from [01m[K/usr/include/boost/math/special_functions/round.hpp:14[m[K,
                 from [01m[K/opt/ros/kinetic/include/ros/time.h:58[m[K,
                 from [01m[K/opt/ros/kinetic/include/ros/ros.h:38[m[K,
                 from [01m[K/workspace/TrackingWithRegistration/src/tracking_with_registration/src/extractMeasurement.h:4[m[K,
                 from [01m[K/workspace/TrackingWithRegistration/src/tracking_with_registration/src/extractMeasurement.cpp:1[m[K:
[01m[K/usr/include/c++/5/complex:445:5:[m[K [01;36m[Knote: [m[Kcandidate: template<class _Tp> std::complex<_Tp> std::operator+(const std::complex<_Tp>&)
     operator+(const complex<_Tp>& __x)
[01;32m[K     ^[m[K
[01m[K/usr/include/c++/5/complex:445:5:[m[K [01;36m[Knote: [m[K  template argument deduction/substitution failed:
[01m[K/workspace/TrackingWithRegistration/src/tracking_with_registration/src/extractMeasurement.cpp:253:75:[m[K [01;36m[Knote: [m[K  ‘[01m[Kconst pcl::PointCloud<pcl::PointXYZRGB>[m[K’ is not derived from ‘[01m[Kconst std::complex<_Tp>[m[K’
   *pAccumulationCloud = *pSourceCloudChangeRGB + *pTargetCloudChangeRGB + FinalChangeRGB;
[01;32m[K                                                                           ^[m[K
In file included from [01m[K/usr/include/c++/5/deque:64:0[m[K,
                 from [01m[K/usr/include/boost/detail/container_fwd.hpp:91[m[K,
                 from [01m[K/usr/include/boost/functional/hash/extensions.hpp:22[m[K,
                 from [01m[K/usr/include/boost/functional/hash/hash.hpp:558[m[K,
                 from [01m[K/usr/include/boost/functional/hash.hpp:6[m[K,
                 from [01m[K/usr/include/boost/thread/detail/thread.hpp:38[m[K,
                 from [01m[K/usr/include/boost/thread/thread_only.hpp:22[m[K,
                 from [01m[K/usr/include/boost/thread/thread.hpp:12[m[K,
                 from [01m[K/usr/include/boost/thread.hpp:13[m[K,
                 from [01m[K/usr/include/pcl-1.7/pcl/io/boost.h:50[m[K,
                 from [01m[K/usr/include/pcl-1.7/pcl/io/file_io.h:43[m[K,
                 from [01m[K/usr/include/pcl-1.7/pcl/io/pcd_io.h:44[m[K,
                 from [01m[K/opt/ros/kinetic/include/pcl_conversions/pcl_conversions.h:70[m[K,
                 from [01m[K/opt/ros/kinetic/include/pcl_ros/point_cloud.h:9[m[K,
                 from [01m[K/workspace/TrackingWithRegistration/src/tracking_with_registration/src/extractMeasurement.h:5[m[K,
                 from [01m[K/workspace/TrackingWithRegistration/src/tracking_with_registration/src/extractMeasurement.cpp:1[m[K:
[01m[K/usr/include/c++/5/bits/stl_deque.h:372:5:[m[K [01;36m[Knote: [m[Kcandidate: template<class _Tp, class _Ref, class _Ptr> std::_Deque_iterator<_Tp, _Ref, _Ptr> std::operator+(std::ptrdiff_t, const std::_Deque_iterator<_Tp, _Ref, _Ptr>&)
     operator+(ptrdiff_t __n, const _Deque_iterator<_Tp, _Ref, _Ptr>& __x)
[01;32m[K     ^[m[K
[01m[K/usr/include/c++/5/bits/stl_deque.h:372:5:[m[K [01;36m[Knote: [m[K  template argument deduction/substitution failed:
[01m[K/workspace/TrackingWithRegistration/src/tracking_with_registration/src/extractMeasurement.cpp:253:48:[m[K [01;36m[Knote: [m[K  cannot convert ‘[01m[Kpcl::PointCloud<PointT>::operator+(const pcl::PointCloud<PointT>&) [with PointT = pcl::PointXYZRGB]((*(const pcl::PointCloud<pcl::PointXYZRGB>*)pTargetCloudChangeRGB.boost::shared_ptr<T>::operator*<pcl::PointCloud<pcl::PointXYZRGB> >()))[m[K’ (type ‘[01m[Kconst pcl::PointCloud<pcl::PointXYZRGB>[m[K’) to type ‘[01m[Kstd::ptrdiff_t {aka long int}[m[K’
   *pAccumulationCloud = *pSourceCloudChangeRGB + *pTargetCloudChangeRGB + FinalChangeRGB;
[01;32m[K                                                ^[m[K
make[2]: *** [CMakeFiles/tracking_with_registration.dir/src/extractMeasurement.cpp.o] Error 1
make[1]: *** [CMakeFiles/tracking_with_registration.dir/all] Error 2
make: *** [all] Error 2
