Determining if the pthread_create exist failed with the following output:
Change Dir: /workspace/TrackingWithRegistration/build/catkin_tools_prebuild/CMakeFiles/CMakeTmp

Run Build Command:"/usr/bin/make" "cmTC_addec/fast"
/usr/bin/make -f CMakeFiles/cmTC_addec.dir/build.make CMakeFiles/cmTC_addec.dir/build
make[1]: Entering directory '/workspace/TrackingWithRegistration/build/catkin_tools_prebuild/CMakeFiles/CMakeTmp'
Building C object CMakeFiles/cmTC_addec.dir/CheckSymbolExists.c.o
/usr/bin/cc     -o CMakeFiles/cmTC_addec.dir/CheckSymbolExists.c.o   -c /workspace/TrackingWithRegistration/build/catkin_tools_prebuild/CMakeFiles/CMakeTmp/CheckSymbolExists.c
Linking C executable cmTC_addec
/usr/bin/cmake -E cmake_link_script CMakeFiles/cmTC_addec.dir/link.txt --verbose=1
/usr/bin/cc       CMakeFiles/cmTC_addec.dir/CheckSymbolExists.c.o  -o cmTC_addec -rdynamic 
CMakeFiles/cmTC_addec.dir/CheckSymbolExists.c.o: In function `main':
CheckSymbolExists.c:(.text+0x16): undefined reference to `pthread_create'
collect2: error: ld returned 1 exit status
CMakeFiles/cmTC_addec.dir/build.make:97: recipe for target 'cmTC_addec' failed
make[1]: *** [cmTC_addec] Error 1
make[1]: Leaving directory '/workspace/TrackingWithRegistration/build/catkin_tools_prebuild/CMakeFiles/CMakeTmp'
Makefile:126: recipe for target 'cmTC_addec/fast' failed
make: *** [cmTC_addec/fast] Error 2

File /workspace/TrackingWithRegistration/build/catkin_tools_prebuild/CMakeFiles/CMakeTmp/CheckSymbolExists.c:
/* */
#include <pthread.h>

int main(int argc, char** argv)
{
  (void)argv;
#ifndef pthread_create
  return ((int*)(&pthread_create))[argc];
#else
  (void)argc;
  return 0;
#endif
}

Determining if the function pthread_create exists in the pthreads failed with the following output:
Change Dir: /workspace/TrackingWithRegistration/build/catkin_tools_prebuild/CMakeFiles/CMakeTmp

Run Build Command:"/usr/bin/make" "cmTC_d55c6/fast"
/usr/bin/make -f CMakeFiles/cmTC_d55c6.dir/build.make CMakeFiles/cmTC_d55c6.dir/build
make[1]: Entering directory '/workspace/TrackingWithRegistration/build/catkin_tools_prebuild/CMakeFiles/CMakeTmp'
Building C object CMakeFiles/cmTC_d55c6.dir/CheckFunctionExists.c.o
/usr/bin/cc    -DCHECK_FUNCTION_EXISTS=pthread_create   -o CMakeFiles/cmTC_d55c6.dir/CheckFunctionExists.c.o   -c /usr/share/cmake-3.5/Modules/CheckFunctionExists.c
Linking C executable cmTC_d55c6
/usr/bin/cmake -E cmake_link_script CMakeFiles/cmTC_d55c6.dir/link.txt --verbose=1
/usr/bin/cc   -DCHECK_FUNCTION_EXISTS=pthread_create    CMakeFiles/cmTC_d55c6.dir/CheckFunctionExists.c.o  -o cmTC_d55c6 -rdynamic -lpthreads 
/usr/bin/ld: cannot find -lpthreads
collect2: error: ld returned 1 exit status
CMakeFiles/cmTC_d55c6.dir/build.make:97: recipe for target 'cmTC_d55c6' failed
make[1]: *** [cmTC_d55c6] Error 1
make[1]: Leaving directory '/workspace/TrackingWithRegistration/build/catkin_tools_prebuild/CMakeFiles/CMakeTmp'
Makefile:126: recipe for target 'cmTC_d55c6/fast' failed
make: *** [cmTC_d55c6/fast] Error 2


