Determining if the pthread_create exist failed with the following output:
Change Dir: /workspace/TrackingWithRegistration/build/tracking_with_registration/CMakeFiles/CMakeTmp

Run Build Command:"/usr/bin/make" "cmTC_7a1ef/fast"
/usr/bin/make -f CMakeFiles/cmTC_7a1ef.dir/build.make CMakeFiles/cmTC_7a1ef.dir/build
make[1]: Entering directory '/workspace/TrackingWithRegistration/build/tracking_with_registration/CMakeFiles/CMakeTmp'
Building C object CMakeFiles/cmTC_7a1ef.dir/CheckSymbolExists.c.o
/usr/bin/cc     -o CMakeFiles/cmTC_7a1ef.dir/CheckSymbolExists.c.o   -c /workspace/TrackingWithRegistration/build/tracking_with_registration/CMakeFiles/CMakeTmp/CheckSymbolExists.c
Linking C executable cmTC_7a1ef
/usr/bin/cmake -E cmake_link_script CMakeFiles/cmTC_7a1ef.dir/link.txt --verbose=1
/usr/bin/cc       CMakeFiles/cmTC_7a1ef.dir/CheckSymbolExists.c.o  -o cmTC_7a1ef -rdynamic 
CMakeFiles/cmTC_7a1ef.dir/CheckSymbolExists.c.o: In function `main':
CheckSymbolExists.c:(.text+0x16): undefined reference to `pthread_create'
collect2: error: ld returned 1 exit status
CMakeFiles/cmTC_7a1ef.dir/build.make:97: recipe for target 'cmTC_7a1ef' failed
make[1]: *** [cmTC_7a1ef] Error 1
make[1]: Leaving directory '/workspace/TrackingWithRegistration/build/tracking_with_registration/CMakeFiles/CMakeTmp'
Makefile:126: recipe for target 'cmTC_7a1ef/fast' failed
make: *** [cmTC_7a1ef/fast] Error 2

File /workspace/TrackingWithRegistration/build/tracking_with_registration/CMakeFiles/CMakeTmp/CheckSymbolExists.c:
/* */
#include <pthread.h>

int main(int argc, char** argv)
{
  (void)argv;
#ifndef pthread_create
  return ((int*)(&pthread_create))[argc];
#else
  (void)argc;
  return 0;
#endif
}

Determining if the function pthread_create exists in the pthreads failed with the following output:
Change Dir: /workspace/TrackingWithRegistration/build/tracking_with_registration/CMakeFiles/CMakeTmp

Run Build Command:"/usr/bin/make" "cmTC_65b53/fast"
/usr/bin/make -f CMakeFiles/cmTC_65b53.dir/build.make CMakeFiles/cmTC_65b53.dir/build
make[1]: Entering directory '/workspace/TrackingWithRegistration/build/tracking_with_registration/CMakeFiles/CMakeTmp'
Building C object CMakeFiles/cmTC_65b53.dir/CheckFunctionExists.c.o
/usr/bin/cc    -DCHECK_FUNCTION_EXISTS=pthread_create   -o CMakeFiles/cmTC_65b53.dir/CheckFunctionExists.c.o   -c /usr/share/cmake-3.5/Modules/CheckFunctionExists.c
Linking C executable cmTC_65b53
/usr/bin/cmake -E cmake_link_script CMakeFiles/cmTC_65b53.dir/link.txt --verbose=1
/usr/bin/cc   -DCHECK_FUNCTION_EXISTS=pthread_create    CMakeFiles/cmTC_65b53.dir/CheckFunctionExists.c.o  -o cmTC_65b53 -rdynamic -lpthreads 
/usr/bin/ld: cannot find -lpthreads
collect2: error: ld returned 1 exit status
CMakeFiles/cmTC_65b53.dir/build.make:97: recipe for target 'cmTC_65b53' failed
make[1]: *** [cmTC_65b53] Error 1
make[1]: Leaving directory '/workspace/TrackingWithRegistration/build/tracking_with_registration/CMakeFiles/CMakeTmp'
Makefile:126: recipe for target 'cmTC_65b53/fast' failed
make: *** [cmTC_65b53/fast] Error 2


